<?xml version="1.0" encoding="UTF-8"?>
<!-- Generated by org.testng.reporters.JUnitXMLReporter -->
<testsuite hostname="mallikarjuna" ignored="0" name="Test1" tests="2" failures="1" timestamp="28 Sep 2018 08:26:12 GMT" time="20.211" errors="0">
  <testcase name="testA" time="1.785" classname="script.TestDemo">
    <failure type="java.lang.AssertionError" message="null">
      <![CDATA[java.lang.AssertionError: null
at script.TestDemo.testA(TestDemo.java:19)
... Removed 27 stack frames]]>
    </failure>
  </testcase> <!-- testA -->
  <testcase name="demoA" time="0.002" classname="script.TestDemo2"/>
</testsuite> <!-- Test1 -->
