<?xml version="1.0" encoding="UTF-8"?>
<!-- Generated by org.testng.reporters.JUnitXMLReporter -->
<testsuite hostname="mallikarjuna" ignored="0" name="Test2" tests="2" failures="1" timestamp="28 Sep 2018 08:18:17 GMT" time="80.815" errors="0">
  <testcase name="testA" time="0.15" classname="script.TestDemo">
    <failure type="java.lang.AssertionError" message="null">
      <![CDATA[java.lang.AssertionError: null
at script.TestDemo.testA(TestDemo.java:19)
... Removed 27 stack frames]]>
    </failure>
  </testcase> <!-- testA -->
  <testcase name="demoA" time="0.003" classname="script.TestDemo2"/>
</testsuite> <!-- Test2 -->
