<?xml version="1.0" encoding="UTF-8"?>
<!-- Generated by org.testng.reporters.JUnitXMLReporter -->
<testsuite hostname="mallikarjuna" ignored="0" name="Test" tests="1" failures="1" timestamp="27 Sep 2018 10:15:21 GMT" time="14.289" errors="0">
  <testcase name="testA" time="1.932" classname="script.TestDemo">
    <failure type="java.lang.AssertionError" message="null">
      <![CDATA[java.lang.AssertionError: null
at script.TestDemo.testA(TestDemo.java:19)
... Removed 27 stack frames]]>
    </failure>
  </testcase> <!-- testA -->
</testsuite> <!-- Test -->
