<?xml version="1.0" encoding="UTF-8"?>
<testng-results skipped="0" failed="0" ignored="0" total="1" passed="1">
  <reporter-output>
    <line>
      <![CDATA[Required page is displayed ]]>
    </line>
    <line>
      <![CDATA[Required page is displayed ]]>
    </line>
    <line>
      <![CDATA[Test:testOrangeTC1is passed ]]>
    </line>
  </reporter-output>
  <suite name="Default suite" duration-ms="18461" started-at="2018-10-12T08:23:14Z" finished-at="2018-10-12T08:23:32Z">
    <groups>
    </groups>
    <test name="Default test" duration-ms="18461" started-at="2018-10-12T08:23:14Z" finished-at="2018-10-12T08:23:32Z">
      <class name="script.OrangeTC1">
        <test-method status="PASS" signature="openApplication(java.lang.String, java.lang.String)[pri:0, instance:script.OrangeTC1@4667ae56]" name="openApplication" is-config="true" duration-ms="8880" started-at="2018-10-12T08:23:14Z" finished-at="2018-10-12T08:23:22Z">
          <params>
            <param index="0">
              <value>
                <![CDATA[localhost]]>
              </value>
            </param>
            <param index="1">
              <value>
                <![CDATA[chrome]]>
              </value>
            </param>
          </params>
          <reporter-output>
          </reporter-output>
        </test-method> <!-- openApplication -->
        <test-method status="PASS" signature="testOrangeTC1()[pri:0, instance:script.OrangeTC1@4667ae56]" name="testOrangeTC1" duration-ms="8752" started-at="2018-10-12T08:23:22Z" finished-at="2018-10-12T08:23:31Z">
          <reporter-output>
            <line>
              <![CDATA[Required page is displayed ]]>
            </line>
            <line>
              <![CDATA[Required page is displayed ]]>
            </line>
          </reporter-output>
        </test-method> <!-- testOrangeTC1 -->
        <test-method status="PASS" signature="closeApplication(org.testng.ITestResult)[pri:0, instance:script.OrangeTC1@4667ae56]" name="closeApplication" is-config="true" duration-ms="779" started-at="2018-10-12T08:23:31Z" finished-at="2018-10-12T08:23:32Z">
          <params>
            <param index="0">
              <value>
                <![CDATA[[TestResult name=testOrangeTC1 status=SUCCESS method=OrangeTC1.testOrangeTC1()[pri:0, instance:script.OrangeTC1@4667ae56] output=Required page is displayed ]]]>
              </value>
            </param>
          </params>
          <reporter-output>
            <line>
              <![CDATA[Test:testOrangeTC1is passed ]]>
            </line>
          </reporter-output>
        </test-method> <!-- closeApplication -->
      </class> <!-- script.OrangeTC1 -->
    </test> <!-- Default test -->
  </suite> <!-- Default suite -->
</testng-results>
